app/build/outputs/logs/manifest-merger-release-report.txt
-- Merging decision tree log ---
manifest
ADDED from src/main/AndroidManifest.xml:2:1-21:12
	xmlns:android
		ADDED from src/main/AndroidManifest.xml:2:11-69
	package
		ADDED from src/main/AndroidManifest.xml:3:11-38
		INJECTED from src/main/AndroidManifest.xml
		INJECTED from src/main/AndroidManifest.xml
	android:versionName
		ADDED from src/main/AndroidManifest.xml:5:11-36
	android:versionCode
		ADDED from src/main/AndroidManifest.xml:4:11-34
		INJECTED from src/main/AndroidManifest.xml
		INJECTED from src/main/AndroidManifest.xml
uses-sdk
ADDED from src/main/AndroidManifest.xml:6:5-73
	android:targetSdkVersion
		ADDED from src/main/AndroidManifest.xml:6:42-71
		INJECTED from src/main/AndroidManifest.xml
		INJECTED from src/main/AndroidManifest.xml
	android:minSdkVersion
		ADDED from src/main/AndroidManifest.xml:6:15-41
		INJECTED from src/main/AndroidManifest.xml
		INJECTED from src/main/AndroidManifest.xml
uses-feature#android.hardware.sensor.accelerometer
ADDED from src/main/AndroidManifest.xml:7:5-98
	android:required
		ADDED from src/main/AndroidManifest.xml:7:72-95
	android:name
		ADDED from src/main/AndroidManifest.xml:7:19-71
application
ADDED from src/main/AndroidManifest.xml:8:5-20:19
	android:label
		ADDED from src/main/AndroidManifest.xml:8:18-50
	android:allowBackup
		ADDED from src/main/AndroidManifest.xml:8:88-115
	android:icon
		ADDED from src/main/AndroidManifest.xml:8:51-87
activity#com.subrat.Oxygen.activities.MainActivity
ADDED from src/main/AndroidManifest.xml:9:9-15:20
	android:label
		ADDED from src/main/AndroidManifest.xml:10:19-51
	android:name
		ADDED from src/main/AndroidManifest.xml:9:19-58
intent-filter#android.intent.action.MAIN+android.intent.category.LAUNCHER
ADDED from src/main/AndroidManifest.xml:11:13-14:29
action#android.intent.action.MAIN
ADDED from src/main/AndroidManifest.xml:12:17-68
	android:name
		ADDED from src/main/AndroidManifest.xml:12:25-66
category#android.intent.category.LAUNCHER
ADDED from src/main/AndroidManifest.xml:13:17-76
	android:name
		ADDED from src/main/AndroidManifest.xml:13:27-74
activity#com.subrat.Oxygen.activities.OxygenActivity
ADDED from src/main/AndroidManifest.xml:16:9-19:20
	android:theme
		ADDED from src/main/AndroidManifest.xml:18:19-77
	android:parentActivityName
		ADDED from src/main/AndroidManifest.xml:17:19-89
	android:name
		ADDED from src/main/AndroidManifest.xml:16:19-60